<?xml version="1.0" encoding="UTF-8"?>
<!-- Generated by org.testng.reporters.JUnitReportReporter -->
<testsuite skipped="0" hostname="Ayleens-Air.fios-router.home" name="com.practice.Testing" tests="1" failures="0" timestamp="2020-01-20T12:41:45 EST" time="0.014" errors="0">
  <testcase name="testing" time="0.014" classname="com.practice.Testing"/>
</testsuite> <!-- com.practice.Testing -->
