<?xml version="1.0" encoding="UTF-8"?>
<!-- Generated by org.testng.reporters.JUnitReportReporter -->
<testsuite skipped="0" hostname="Ayleens-Air.fios-router.home" name="com.practice.ExcelWriting" tests="1" failures="0" timestamp="2020-01-23T20:50:47 EST" time="1.216" errors="0">
  <testcase name="write" time="1.216" classname="com.practice.ExcelWriting"/>
</testsuite> <!-- com.practice.ExcelWriting -->
