<?xml version="1.0" encoding="UTF-8"?>
<!-- Generated by org.testng.reporters.JUnitReportReporter -->
<testsuite skipped="0" hostname="Ayleens-Air.fios-router.home" name="com.hrms.testcases.HWTC" tests="1" failures="0" timestamp="2020-01-20T19:21:48 EST" time="13.051" errors="0">
  <testcase name="loginValidation" time="13.051" classname="com.hrms.testcases.HWTC"/>
</testsuite> <!-- com.hrms.testcases.HWTC -->
