<?xml version="1.0" encoding="UTF-8"?>
<!-- Generated by org.testng.reporters.JUnitReportReporter -->
<testsuite skipped="0" hostname="Ayleens-Air.fios-router.home" name="com.hrms.testcases.TCAddEmp" tests="10" failures="0" timestamp="2020-01-25T12:39:09 EST" time="163.663" errors="0">
  <testcase name="addingEmp" time="18.834" classname="com.hrms.testcases.TCAddEmp"/>
  <testcase name="addingEmp" time="15.961" classname="com.hrms.testcases.TCAddEmp"/>
  <testcase name="addingEmp" time="17.302" classname="com.hrms.testcases.TCAddEmp"/>
  <testcase name="addingEmp" time="14.337" classname="com.hrms.testcases.TCAddEmp"/>
  <testcase name="addingEmp" time="14.923" classname="com.hrms.testcases.TCAddEmp"/>
  <testcase name="addingEmp" time="16.886" classname="com.hrms.testcases.TCAddEmp"/>
  <testcase name="addingEmp" time="16.010" classname="com.hrms.testcases.TCAddEmp"/>
  <testcase name="addingEmp" time="13.300" classname="com.hrms.testcases.TCAddEmp"/>
  <testcase name="addingEmp" time="14.945" classname="com.hrms.testcases.TCAddEmp"/>
  <testcase name="addingEmp" time="21.165" classname="com.hrms.testcases.TCAddEmp"/>
</testsuite> <!-- com.hrms.testcases.TCAddEmp -->
