<?xml version="1.0" encoding="UTF-8"?>
<!-- Generated by org.testng.reporters.JUnitReportReporter -->
<testsuite skipped="1" hostname="Ayleens-Air.fios-router.home" name="com.hrms.testcases.AddingEmpTest" tests="1" failures="0" timestamp="2020-01-25T10:35:13 EST" time="0.000" errors="0">
  <testcase name="addEmployee" time="0.000" classname="com.hrms.testcases.AddingEmpTest">
    <skipped/>
  </testcase> <!-- addEmployee -->
</testsuite> <!-- com.hrms.testcases.AddingEmpTest -->
