<?xml version="1.0" encoding="UTF-8"?>
<!-- Generated by org.testng.reporters.JUnitReportReporter -->
<testsuite skipped="0" hostname="Ayleens-Air.fios-router.home" name="com.hrms.testcases.AddingEmp" tests="1" failures="0" timestamp="2020-01-20T19:54:53 EST" time="14.842" errors="0">
  <testcase name="adding" time="14.842" classname="com.hrms.testcases.AddingEmp"/>
</testsuite> <!-- com.hrms.testcases.AddingEmp -->
